{"message":"Unauthorized request to /","level":"error"}
{"message":"Unauthorized request to /favicon.ico","level":"error"}
{"message":"Unauthorized request to /","level":"error"}
{"message":"Unauthorized request to /favicon.ico","level":"error"}
{"message":"Unauthorized request to /","level":"error"}
{"message":"Unauthorized request to /favicon.ico","level":"error"}
{"message":"Unauthorized request to /","level":"error"}
{"message":"Unauthorized request to /favicon.ico","level":"error"}
{"message":"Unauthorized request to /test","level":"error"}
{"message":"Unauthorized request to /favicon.ico","level":"error"}
{"message":"Unauthorized request to /test","level":"error"}
{"message":"Unauthorized request to /favicon.ico","level":"error"}
{"message":"Unauthorized request to /test","level":"error"}
{"message":"Unauthorized request to /favicon.ico","level":"error"}
{"message":"Unauthorized request to /bookmarks/","level":"error"}
{"message":"Unauthorized request to /bookmarks/","level":"error"}
{"message":"Unauthorized request to /bookmarks/","level":"error"}
{"message":"Unauthorized request to /bookmarks/","level":"error"}
{"message":"Unauthorized request to /bookmarks/","level":"error"}
{"message":"Unauthorized request to /bookmarks/","level":"error"}
{"message":"Unauthorized request to /bookmarks/","level":"error"}
{"message":"Unauthorized request to /bookmarks/","level":"error"}
{"message":"Unauthorized request to /bookmarks/","level":"error"}
{"message":"Unauthorized request to /bookmarks/","level":"error"}
{"message":"Unauthorized request to /bookmarks/","level":"error"}
{"message":"Unauthorized request to /","level":"error"}
{"message":"Unauthorized request to /favicon.ico","level":"error"}
{"message":"Unauthorized request to /","level":"error"}
{"message":"Unauthorized request to /favicon.ico","level":"error"}
{"message":"Unauthorized request to /bookmarks/","level":"error"}
{"message":"Unauthorized request to /bookmarks/","level":"error"}
{"message":"Unauthorized request to /bookmarks/","level":"error"}
{"message":"Unauthorized request to /bookmarks/","level":"error"}
{"message":"Unauthorized request to /bookmarks/","level":"error"}
{"message":"Unauthorized request to /","level":"error"}
{"message":"Unauthorized request to /favicon.ico","level":"error"}
{"message":"Unauthorized request to /bookmarks/","level":"error"}
{"message":"Unauthorized request to /bookmarks/","level":"error"}
{"message":"Bookmark with id 6e99d611-572c-470f-8bba-520951321205 created","level":"info"}
{"message":"Bookmark with id 0aad47b0-ca5b-46de-901d-f9d4f69c0967 created","level":"info"}
{"message":"Bookmark with id a85b366b-80da-47cc-a598-f0d8baa692f5 created","level":"info"}
{"message":"Bookmark with id 6eb9eb84-54a7-4ecd-8cdc-0415b699e6a3 created","level":"info"}
{"message":"Unauthorized request to /bookmarks/6eb9eb84-54a7-4ecd-8cdc-0415b699e6a3","level":"error"}
{"message":"Unauthorized request to /bookmarks/6eb9eb84-54a7-4ecd-8cdc-0415b699e6a3","level":"error"}
{"message":"Unauthorized request to /bookmarks/6eb9eb84-54a7-4ecd-8cdc-0415b699e6a3","level":"error"}
{"message":"Unauthorized request to /bookmarks/6eb9eb84-54a7-4ecd-8cdc-0415b699e6a3","level":"error"}
{"message":"Unauthorized request to /bookmarks/6eb9eb84-54a7-4ecd-8cdc-0415b699e6a3","level":"error"}
{"message":"Bookmark with id 6eb9eb84-54a7-4ecd-8cdc-0415b699e6a3 deleted.","level":"info"}
{"message":"Bookmark with id 6eb9eb84-54a7-4ecd-8cdc-0415b699e6a3 not found.","level":"error"}
{"message":"Bookmark with id 6eb9eb84-54a7-4ecd-8cdc-0415b699e6a3 not found.","level":"error"}
{"message":"Bookmark with id 6eb9eb84-54a7-4ecd-8cdc-0415b699e6a3 not found.","level":"error"}
{"message":"Bookmark with id 6eb9eb84-54a7-4ecd-8cdc-0415b699e6a3 not found.","level":"error"}
{"message":"Bookmark with id 6eb9eb84-54a7-4ecd-8cdc-0415b699e6a3 not found.","level":"error"}
{"message":"Bookmark with id 6eb9eb84-54a7-4ecd-8cdc-0415b699e6a3 not found.","level":"error"}
{"message":"Bookmark with id 1 not found.","level":"error"}
{"message":"Bookmark with id 1 not found.","level":"error"}
{"message":"Bookmark with id 1 not found.","level":"error"}
{"message":"Bookmark with id 1 not found.","level":"error"}
{"message":"Bookmark with id 1 not found.","level":"error"}
{"message":"Bookmark with id 1 not found.","level":"error"}
{"message":"Bookmark with id 1 not found.","level":"error"}
{"message":"Bookmark with id 1 not found.","level":"error"}
{"message":"Bookmark with id 1 not found.","level":"error"}
{"message":"Bookmark with id 1 not found.","level":"error"}
{"message":"Bookmark with id 1 not found.","level":"error"}
{"message":"Bookmark with id 1 not found.","level":"error"}
{"message":"Bookmark with id 17ed5feb-5ec3-4638-ba2a-789652b14c21 created","level":"info"}
{"message":"Bookmark with id b1d89094-3e5b-499d-8f23-9e7a07e7775e created","level":"info"}
{"message":"Bookmark with id 17ed5feb-5ec3-4638-ba2a-789652b14c21 deleted.","level":"info"}
{"message":"Bookmark with id 1 not found.","level":"error"}
{"message":"Bookmark with id b1d89094-3e5b-499d-8f23-9e7a07e7775e deleted.","level":"info"}
{"message":"Bookmark with id bed10115-5174-41d4-9eb6-f624c7376642 created","level":"info"}
{"message":"Bookmark with id bed10115-5174-41d4-9eb6-f624c7376642 deleted.","level":"info"}
{"message":"Bookmark with id bed10115-5174-41d4-9eb6-f624c7376642 not found.","level":"error"}
{"message":"Bookmark with id bed10115-5174-41d4-9eb6-f624c7376642 not found.","level":"error"}
{"message":"Bookmark with id bed10115-5174-41d4-9eb6-f624c7376642 not found.","level":"error"}
{"message":"Bookmark with id bed10115-5174-41d4-9eb6-f624c7376642 not found.","level":"error"}
{"message":"Bookmark with id 1 not found.","level":"error"}
{"message":"Bookmark with id 3e4818db-5fbf-4dc9-b4a9-0913b8894763 created","level":"info"}
{"message":"Bookmark with id 3e4818db-5fbf-4dc9-b4a9-0913b8894763 deleted.","level":"info"}
{"message":"Bookmark with id 3e4818db-5fbf-4dc9-b4a9-0913b8894763 not found.","level":"error"}
{"message":"Bookmark with id 3e4818db-5fbf-4dc9-b4a9-0913b8894763 not found.","level":"error"}
{"message":"Bookmark with id 4790ce8e-1480-4523-997d-d723f18037ee created","level":"info"}
{"message":"Bookmark with id 3e4818db-5fbf-4dc9-b4a9-0913b8894763 not found.","level":"error"}
{"message":"Bookmark with id 3e4818db-5fbf-4dc9-b4a9-0913b8894763 not found.","level":"error"}
{"message":"Bookmark with id 4790ce8e-1480-4523-997d-d723f18037ee deleted.","level":"info"}
{"message":"Unauthorized request to /","level":"error"}
{"message":"Unauthorized request to /favicon.ico","level":"error"}
{"message":"Bookmark with id 4ba2bcc9-4b69-4cb0-9d0f-fc42fe9ee81f created","level":"info"}
{"message":"Unauthorized request to /","level":"error"}
{"message":"Unauthorized request to /favicon.ico","level":"error"}
{"message":"Bookmark with id 117be581-fcad-425e-8980-36ba35e9f08c created","level":"info"}
{"message":"Bookmark with id 117be581-fcad-425e-8980-36ba35e9f08c deleted.","level":"info"}
{"message":"Bookmark with id 117be581-fcad-425e-8980-36ba35e9f08c not found.","level":"error"}
{"message":"Bookmark with id 117be581-fcad-425e-8980-36ba35e9f08c not found.","level":"error"}
{"message":"Bookmark with id 4ba2bcc9-4b69-4cb0-9d0f-fc42fe9ee81f deleted.","level":"info"}
{"message":"Bookmark with id 1 not found.","level":"error"}
{"message":"Bookmark with id 82899fde-2b75-42b5-af8c-9807dcec5bc5 created","level":"info"}
{"message":"Bookmark with id 1e372d2a-1794-4e35-a55d-f0ceadcb9a62 created","level":"info"}
{"message":"Bookmark with id 1e372d2a-1794-4e35-a55d-f0ceadcb9a62 deleted.","level":"info"}
{"message":"Bookmark with id fc2f6631-aff7-49c5-8e97-a3b963a4a1c4 created","level":"info"}
{"message":"Bookmark with id 9b14be7e-bfe5-4b39-9c4c-39d43ca73c75 created","level":"info"}
{"message":"Bookmark with id fc2f6631-aff7-49c5-8e97-a3b963a4a1c4 deleted.","level":"info"}
{"message":"Bookmark with id 9b14be7e-bfe5-4b39-9c4c-39d43ca73c75 deleted.","level":"info"}
{"message":"Bookmark with id c0bfa9c1-cc71-4ee3-8a13-f508e8f2c8a6 created","level":"info"}
{"message":"Bookmark with id 3b7425b3-99a0-4008-a8be-f6648ca7f34e created","level":"info"}
{"message":"Bookmark with id ebb27bd7-5c2e-4fd7-aed1-e627363ff4f4 created","level":"info"}
{"message":"Bookmark with id 3b7425b3-99a0-4008-a8be-f6648ca7f34e deleted.","level":"info"}
{"message":"Bookmark with id 5b9ba57f-8216-4373-85f0-f703c7cb178d created","level":"info"}
{"message":"Bookmark with id ebb27bd7-5c2e-4fd7-aed1-e627363ff4f4 deleted.","level":"info"}
{"message":"Bookmark with id f3cfcbec-ac03-4744-88fe-2bcd37117291 created","level":"info"}
{"message":"Bookmark with id 5b9ba57f-8216-4373-85f0-f703c7cb178d deleted.","level":"info"}
{"message":"Unauthorized request to /","level":"error"}
{"message":"Unauthorized request to /","level":"error"}
{"message":"Bookmark with id c0bfa9c1-cc71-4ee3-8a13-f508e8f2c8a6 deleted.","level":"info"}
{"message":"Bookmark with id a1536c65-ca29-4f2b-af0b-7ecff7a54f8d created","level":"info"}
{"message":"Bookmark with id a1536c65-ca29-4f2b-af0b-7ecff7a54f8d deleted.","level":"info"}
{"message":"Bookmark with id f3cfcbec-ac03-4744-88fe-2bcd37117291 deleted.","level":"info"}
{"message":"Unauthorized request to /test","level":"error"}
{"message":"Bookmark with id 41c89935-1f3c-4c55-9844-48210d1ca776 created","level":"info"}
{"message":"Bookmark with id 41c89935-1f3c-4c55-9844-48210d1ca776 deleted.","level":"info"}
{"message":"Bookmark with id c61f8a9c-505d-4c30-8da7-1c885e401e08 created","level":"info"}
{"message":"Bookmark with id 21b46abb-b06d-4e28-b43c-bb27db63fab6 created","level":"info"}
{"message":"Bookmark with id c61f8a9c-505d-4c30-8da7-1c885e401e08 deleted.","level":"info"}
{"message":"Bookmark with id 21b46abb-b06d-4e28-b43c-bb27db63fab6 deleted.","level":"info"}
{"message":"Bookmark with id 3aeacbf3-bd91-4b31-85ed-c9f40a097b79 created","level":"info"}
{"message":"Unauthorized request to /test","level":"error"}
{"message":"Unauthorized request to /favicon.ico","level":"error"}
